Arguments: 
  C:\Program Files\nodejs\node.exe C:\Program Files (x86)\Yarn\bin\yarn.js add push completed alg

PATH: 
  C:\Program Files\Git\mingw64\bin;C:\Program Files\Git\usr\bin;C:\Users\Usman Ghani\bin;C:\Python38\Scripts;C:\Python38;C:\Program Files\AdoptOpenJDK\jdk-11.0.3.7-hotspot\bin;C:\windows\system32;C:\windows;C:\windows\system32\wbem;C:\windows\system32\windowspowershell\v1.0;C:\windows\system32\openssh;C:\program files\dotnet;C:\program files (x86)\microsoft sql server\client sdk\odbc\130\tools\binn;C:\program files (x86)\microsoft sql server\140\tools\binn;C:\program files (x86)\microsoft sql server\140\dts\binn;C:\program files (x86)\microsoft sql server\140\tools\binn\managementstudio;C:\program files\microsoft sql server\client sdk\odbc\130\tools\binn;C:\program files\microsoft sql server\140\tools\binn;C:\program files\microsoft sql server\140\dts\binn;C:\program files\git\cmd;C:\Program Files\Microsoft SQL Server\Client SDK\ODBC\170\Tools\Binn;C:\Program Files (x86)\Yarn\bin;G:\jdk;C:\ProgramData\chocolatey\bin;C:\openssl\bin;C:\Program Files\Git\cmd;C:\WINDOWS\system32;C:\WINDOWS;C:\WINDOWS\System32\Wbem;C:\WINDOWS\System32\WindowsPowerShell\v1.0;C:\WINDOWS\System32\OpenSSH;C:\Program Files\nodejs;C:\Users\Android\Sdk;C:\Users\Usman Ghani\AppData\Local\Programs\Microsoft VS Code\bin;C:\Users\Usman Ghani\AppData\Local\watchman;C:\Users\Usman Ghani\AppData\Local\Microsoft\WindowsApps;C:\Users\Usman Ghani\AppData\Roaming\npm;C:\Users\Usman Ghani\platform-tools;C:\Users\Android\Sdk

Yarn version: 
  1.22.4

Node version: 
  12.18.3

Platform: 
  win32 x64

Trace: 
  Error: https://registry.yarnpkg.com/completed%20alg: Not found
      at Request.params.callback [as _callback] (C:\Program Files (x86)\Yarn\lib\cli.js:66096:18)
      at Request.self.callback (C:\Program Files (x86)\Yarn\lib\cli.js:140748:22)
      at Request.emit (events.js:315:20)
      at Request.<anonymous> (C:\Program Files (x86)\Yarn\lib\cli.js:141720:10)
      at Request.emit (events.js:315:20)
      at IncomingMessage.<anonymous> (C:\Program Files (x86)\Yarn\lib\cli.js:141642:12)
      at Object.onceWrapper (events.js:421:28)
      at IncomingMessage.emit (events.js:327:22)
      at endReadableNT (_stream_readable.js:1220:12)
      at processTicksAndRejections (internal/process/task_queues.js:84:21)

npm manifest: 
  {
    "name": "usman",
    "version": "1.0.0",
    "main": "index.js",
    "repository": "https://github.com/usmanGhani16/100-days-of-code.git",
    "author": "usmanGhani16 <afro123737@gmail.com>",
    "license": "MIT",
    "scripts": {
      "push": "git add . && git commit -m",
      "postpush" : "git push --all"
    }
  }

yarn manifest: 
  No manifest

Lockfile: 
  # THIS IS AN AUTOGENERATED FILE. DO NOT EDIT THIS FILE DIRECTLY.
  # yarn lockfile v1
